<?xml version="1.0"?>
<!DOCTYPE coverage SYSTEM "http://cobertura.sourceforge.net/xml/coverage-04.dtd">

<coverage line-rate="0.8125" branch-rate="1.0" lines-covered="13" lines-valid="16" branches-covered="0" branches-valid="0" complexity="1.0" version="2.1.1" timestamp="1639650972612">
	<sources>
		<source>C:/Users/Queen-Lenovo/calculator/src/main/java</source>
		<source>--source</source>
		<source>C:/Users/Queen-Lenovo/calculator/target/generated-sources/annotations</source>
	</sources>
	<packages>
		<package name="com.devops.calculator" line-rate="0.8125" branch-rate="1.0" complexity="1.0">
			<classes>
				<class name="com.devops.calculator.CalculatorResponse" filename="com/devops/calculator/CalculatorResponse.java" line-rate="0.7" branch-rate="1.0" complexity="1.0">
					<methods>
						<method name="&lt;init&gt;" signature="(III)V" line-rate="1.0" branch-rate="1.0" complexity="0">
							<lines>
								<line number="12" hits="4" branch="false"/>
								<line number="13" hits="4" branch="false"/>
								<line number="14" hits="4" branch="false"/>
								<line number="15" hits="4" branch="false"/>
								<line number="16" hits="4" branch="false"/>
								<line number="17" hits="4" branch="false"/>
							</lines>
						</method>
						<method name="getResult" signature="()I" line-rate="1.0" branch-rate="1.0" complexity="0">
							<lines>
								<line number="28" hits="4" branch="false"/>
							</lines>
						</method>
						<method name="getTime" signature="()Ljava/lang/String;" line-rate="0.0" branch-rate="1.0" complexity="0">
							<lines>
								<line number="32" hits="0" branch="false"/>
							</lines>
						</method>
						<method name="getX" signature="()I" line-rate="0.0" branch-rate="1.0" complexity="0">
							<lines>
								<line number="20" hits="0" branch="false"/>
							</lines>
						</method>
						<method name="getY" signature="()I" line-rate="0.0" branch-rate="1.0" complexity="0">
							<lines>
								<line number="24" hits="0" branch="false"/>
							</lines>
						</method>
					</methods>
					<lines>
						<line number="12" hits="4" branch="false"/>
						<line number="13" hits="4" branch="false"/>
						<line number="14" hits="4" branch="false"/>
						<line number="15" hits="4" branch="false"/>
						<line number="16" hits="4" branch="false"/>
						<line number="17" hits="4" branch="false"/>
						<line number="20" hits="0" branch="false"/>
						<line number="24" hits="0" branch="false"/>
						<line number="28" hits="4" branch="false"/>
						<line number="32" hits="0" branch="false"/>
					</lines>
				</class>
				<class name="com.devops.calculator.CalculatorService" filename="com/devops/calculator/CalculatorService.java" line-rate="1.0" branch-rate="1.0" complexity="1.0">
					<methods>
						<method name="&lt;init&gt;" signature="()V" line-rate="1.0" branch-rate="1.0" complexity="0">
							<lines>
								<line number="11" hits="5" branch="false"/>
							</lines>
						</method>
						<method name="Add" signature="(II)Lcom/devops/calculator/CalculatorResponse;" line-rate="1.0" branch-rate="1.0" complexity="0">
							<lines>
								<line number="24" hits="1" branch="false"/>
							</lines>
						</method>
						<method name="Div" signature="(II)Lcom/devops/calculator/CalculatorResponse;" line-rate="1.0" branch-rate="1.0" complexity="0">
							<lines>
								<line number="45" hits="1" branch="false"/>
							</lines>
						</method>
						<method name="Mul" signature="(II)Lcom/devops/calculator/CalculatorResponse;" line-rate="1.0" branch-rate="1.0" complexity="0">
							<lines>
								<line number="38" hits="1" branch="false"/>
							</lines>
						</method>
						<method name="Sub" signature="(II)Lcom/devops/calculator/CalculatorResponse;" line-rate="1.0" branch-rate="1.0" complexity="0">
							<lines>
								<line number="31" hits="1" branch="false"/>
							</lines>
						</method>
						<method name="ping" signature="()Ljava/lang/String;" line-rate="1.0" branch-rate="1.0" complexity="0">
							<lines>
								<line number="17" hits="1" branch="false"/>
							</lines>
						</method>
					</methods>
					<lines>
						<line number="11" hits="5" branch="false"/>
						<line number="17" hits="1" branch="false"/>
						<line number="24" hits="1" branch="false"/>
						<line number="31" hits="1" branch="false"/>
						<line number="38" hits="1" branch="false"/>
						<line number="45" hits="1" branch="false"/>
					</lines>
				</class>
			</classes>
		</package>
	</packages>
</coverage>
